2025-09-17 00:57:35,234(HH:mm:ss.SSS) [main] DEBUG org.apache.hc.client5.http.wire - http-outgoing-2 << "[0xfffffff5][0xffffffed][0xfffffffc][0xfffffffc]m[0xfffffffb]b|[0x15]5[0xffffffb3][0xffffffc8]TR[0x7][0xfffffff8]x[0xffffff8c]E[0xffffffda]~$?[0xfffffff4]/[0x11][0xffffffc9][0xffffffd2][0xb][0xe][0xffffff8a][0xffffffe4]9[0xffffff92][0x7][0xffffffd8]r3Zhi[0xffffffd8]d[0xe][0x15]=[0xffffff88]4[0xffffffb2][0xfffffffc]f-[0xffffffc0][0xfffffffe][0xfffffff1]sx[0xffffffee][0xffffff90][0x1b]-[0x17][0xffffffea][0xffffff88]q[0x1d][0x9][0xffffff8e]+[0x16]3[0xffffffb5][0x14]E[0x13][0xffffff93]_[0xffffffff]S[0x1c]1?[0xffffffde]1[0xffffffc5][0x11][0xffffffc4][0xffffffa8][0xffffffcd][0xffffff92]x[0xb][0xffffff8a][0x1c][0x16]c=*Km[0xffffffe7][0x12]{[0xffffff95][0xffffffbd][0x1a]eI'[0xffffffad]Q[0x1f]J*G[0x19][0xffffffa4][0xffffffe7][0xffffffc1][0xffffffcf][0x16][0xffffffa5][0xfffffff4]7[0xffffffa4]y[0x1c]n*?C[0xffffff8a][0xffffffed]<[0xffffffe5]SH[0xffffff9f][0xffffffc3][0xfffffffc]R[0xffffffdd][0xffffffa7]@[0xffffffb6][0xffffff9a][0xffffff8c]p[0xffffff98]Rc[0xffffffa1][0x14]],[0x6][0xfffffffa][0xffffffc8]O[0xffffffd0])[0xffffffc5][0x14][0xfffffff3]C[0xffffff9e][0xffffffa7][0xffffffbb][0xffffffec][0xffffffe0][0xffffffee][0x10][0xffffffc7]Ss[0xffffffe2][0xffffffcd][0xffffffe3][0xffffffa0][0x0]'Z=[0xffffff8e][0xffffff96]v[0xffffffa2]u[0xffffffe3]hQz[0xffffffe7][0x18][0xffffffda][0xffffffce][0xffffff8e][0x16][0xffffffa3]Xi[0xffffffb0][0x1a]8NZ[0xc][0x16]8[0xfffffff5][0xfffffffe](>Z~[0xffffffd0][0xffffffcb]q[0xffffffd1][0xffffffd2][0xffffffe8][0xffffffdd]I[0xffffff9a][0xffffffa5]hh~[0xfffffff0]8[0xffffffc5]j[0x12][0xffffffb9]sx|[0xffffffc7][0xe]K[0xffffff94](7[0xffffffc7][0xffffffb4][0x1b][0xffffff81][0xffffffed][0xffffff98]ows[0xffffffdc][0xffffffb3]\[0xffffff87][0xffffff9d]K[0xffffff96][0xffffff82][0xffffffed][0xffffffe6][0x6][0xffffffe5][0xffffffa6][0xffffffd0]&^pO[0xffffff8a][0xffffffa3][0xffffffbc][0xffffff85]@[0xffffff9d][0xfffffff9][0x1e]7h1[0x5][0xffffffea][0xfffffff3]rD7*W[0xffffff80]4[0x2][0xfffffff7]=[0xffffffa4]l[0xfffffff5][0xffffffb2][0xffffffd6][0x9]2M[0xffffffb5]1M[\r][0xffffffb1][0xffffff95]#[0xffffffe3]K[0xffffffe9]-[0xffffffe4][0xffffffe3]6[\n]"
2025-09-17 00:57:35,235(HH:mm:ss.SSS) [main] DEBUG org.apache.hc.client5.http.wire - http-outgoing-2 << "qo"[0xffffffce]:)[0xffffffc5][0xfffffffd][0xffffff88]1EY[0xe][0x1e][0xffffffc5][0xfffffff3]p[0xffffffef]![0xffffffc0][0xffffff9e][0xffffffa3][0x18]{[0xffffff8e][0xffffff92]lM[0xffffff8c][0xfffffff0][0xffffffb7][0xffffffae][0xffffffe4]=[0xffffffa2]qU[0xf][0xfffffff7][0x10][0xffffff82]G[0xffffffe4]|[0xffffffbc]6[0x1e]_[0x1d][0xffffffe2]~A[0xffffff8e]}Hb[0xffffffe2][0xfffffffb][0xffffffea][0x16][0xffffffb6][0xb][0xffffffc3][0xffffffdc][0x7][0xffffff88]s[0xfffffffb][0xffffffa6][0xffffffd8]f[0x1a]c[0xffffffb9]h;[0xffffffa6]k4[0x1f][[0xffffff88]A%[0x1f][0xffffffdb][0xffffffd8][0xffffffd6]O[0xffffffb1][0xffffff95][0xffffffaf]l[0xfffffffc][0xfffffffc]9*[0xffffffb6][0xffffff90][0x13][0xffffffad][0xffffffef][0xffffffe7]X[0xffffff86]m[0x13][0xffffffdf][0xffffff9e][0xffffffe7][0xffffffd8][0xffffff9f]dgk[0xffffffb5][0xffffff85][0xffffffe7][0x11]D[0xffffffd9]J[0x1f][0x2]%[0xffffffd0]W[0xffffffc6][0xe][0xffffffa6][0xffffff85][0xffffffa2][0x15]^j}[0x1b][0xffffffed][0xffffffee]R{[0xffffffdb]hi[0xffffff97]Z[0xffffffd8]F[0xffffffdb][0xffffffba][0xffffffd4][0xffffffa6][0x1e]V[0xffffffe3]0z[0xffffffdf]Vz[0xffffff89][0xffffffcc]=Z[0xffffffea][0xffffffcf]z[0xffffffd0]v[0x11][0x1e][0x17][0x18][0xffffffeb][0xffffffa7][0xfffffff1][0xffffffed][0x16][0xffffff8e]0[0xffffff94]B[0xffffffbb][0xffffffd8]xT5[0xffffffcc]q[0xffffff99]r[0xffffffa8]y[0x17]{[0x15][0xffffffda]P[0xffffffd3]4[0xffffff8e][0xffffffed][0xffffffe2][0xffffffb8][0xffffff8b]![0xffffff8e][0xffffffc8][0xffffff94]B[0xffffff8d][0xffffffd2]([0xffffffaa][0xf]5[0x18]C[0xffffffcd][0xffffff8d][0xffffffc8]:[0x13]/g[0xffffffb9]I~[0xfffffff9] [0xffffffc7]bJ[0xffffffa3][0xffffff96][0x1c]<[0xffffffd3]"[0xffffff8a][0xffffffda][0xffffffa1]Qj[0xffffff8a][0xffffff8a][0x11][0xffffffe0][0x18]L[0xffffffc3]<:[0xffffffed][0xffffffc1][0xfffffffb][0xffffffd3][0xffffffc8][0xfffffff4]0,[0x9];[0xffffffcf][0xffffff89][0xc][0xfffffff3][0xffffffac][0xffffff8b]1[0xffffffe8]F[0xffffff9a]qA~[0x19][0xffffff9a]maCo[0xffffffdf][0xffffffcf][0xffffffb1][0xffffff96][0xffffff86][0xffffffd8][0xf][0xffffffe3][0xffffffe2][0xffffffb9][0xffffff9c]1[0xffffffbc][0xffffffcf][0x8][0xfffffffb]^|[0x1c]c[0xffffff89][0xffffffe2]l[0x15][0x12]4[0xffffffbe][0x1c][0xffffffe4][0xffffffa8]TC,[\r]e[0xffffff9f][0xffffffd9][0xffffffd1][0xffffffaf]{[0xfffffff0][0xffffffa5][0xffffff85][0xffffff9e]P[0xffffffbd][0xffffffe2][0xffffffbc][0xfffffff2]R[0xffffffc9][0xffffffc8]@[0x9]eU[0xffffffe6][0xffffffd9][0xffffffaa][0xfffffff4][0xffffffb0]UI[0xffffffd1]5[0xffffff86][0xffffffc9]K[0xffffff85][0xfffffffe]j[0xb]G[0xffffffa9]J[0xffffff81][0xffffffea]l[0xffffffa8][0xf][0xffffff8a][0xffffffb0][0xffffffd4][0xffffffc6]Z[0xffffff97][0xffffffc6]k[0xffffffc9]C[0x19][0xffffffe6][0x1e]GJZJ[0xfffffff6][0xffffff97][0xffffffb3]_[0xffffffca][0xffffffa6][0xffffffc6][0xfffffff1]I~[0xffffffb4][0xfffffff1][0xffffff8c][0xffffff8a][0x1c]{#]<[0xffffff82][0xffffffdf][0x6][0xffffffaa][0xffffffc9]1[0xffffffcd]L[0xffffffd6][0xffffff8f]K[0xffffffa9]>[0xffffff9b][0xffffffb9][0xffffffc7][0xffffffb6][0xffffffd0]_[0xfffffff1][0xffffffca]1n[0xfffffff2][0xffffff96]H[0xffffffcf]Wn[0xffffffc2].[0xb][0xffffffaa][0xfffffff8][0xffffff8f][0xffffffe4]mt[0xffffffb0][0xffffffc6][0xf]@[0x1b][0xffffffa5]Q[0xfffffff3]R[0xffffff82][0xffffff93]4[0xfffffff3][0xffffffa2]~)[0xffffffe2][0xffffffa3][0x1d]T[0x16][0x1][0xffffff9f][0xb][0xffffffd4]'I[0xffffffb3][0x1c][0xffffffa4][0x19][0xffffff8d][0xffffff87][0xffffffa7]@S4[0xffffffca][0xffffff93][0xffffffa2][0xffffff9e][0xffffff9a][0xfffffff3][0xffffffe5][0xffffffda][0xffffff83]<[0xffffffc6][0x13]@[0x1f]:[0xffffff85][0xfffffffe]2[0xffffffc5]r[0xffffff8c]A[0xffffffd6][0xffffff8a][0x9]-Lq[0x6]bx[0x7f][0xffffff92][0xffffffb2]4[0xffffffe2][0xffffff91][0xffffffeb][0xffffff92][0xfffffffa]%[0xffffffdd]m[0xffffffe7]H[0xffffffa2][0x2][0xffffffba]5[0xffffff82]R[0xffffffda][0xffffffa1]W[0xffffffe2][0xffffffd0]*n[0xffffffe8][0xffffff94][0x14]J$[0xffffffe5]k[0xffffffae][0xffffffdf]9 m[0x1]*Ol0[\r]k [0xffffff80][0xffffffd2][0xffffffe4][0xffffff8f][0xffffffb8]A[0xffffffe5]I[0xffffffc8][0xb]7[0xffffff97][0xffffff85][0xffffff94][0xffffffd8][0xffffffcb]yn[0xffffffaf][0x1d]m[0x18][0x3]M;Q[0x12][0xffffff8a][0xffffffc4][0xffffffe7]D[0xb][0xffffff91]L[0xffffffa5]([0x7f]$Q[0xfffffffd]l[0xffffff8f][0xffffffb8]Y[0xffffffce][0xffffffe7]ac[0xffffffe9][0xfffffff2]42!OS[0xffffffd0][0xffffffda]R[0xffffffca][0xffffff9b]K[0x11]G[0xffffffad]89[0xffffffca][\r]z0G[0xffffffbc][0xffffff90]r)p[0x1c]E[0xffffffbd][0xffffff8c][0xffffff83][0xffffffb6]H[0xffffffc2][0xffffffc7][0xffffffc8]2[0xfffffff1][0xffffffbe]\[0xffffffc5][0xffffffe5]u[0xffffffb3][0xffffff97].[0xffffff87]:[0xffffff89]plKY[0xffffff92]4[0xffffffd7][0xffffff89][0xffffff8c]8H5R,[\r]i[0x1d][0x7f][0xffffff89][0xffffffbe]%[0xfffffffb][0xffffffc8][0xb][0xffffffab]"[0xffffff95][0xffffffb0][0xffffffab][0xffffffb6][0xffffffb2][0xffffffa3][0xffffffa5][0xffffff92][0xffffffaa]D[0xffffffb2][0xffffff9d][0xffffffbc][0xffffffac]u[0xffffffd2]([0xffffff93][0x7f][0xffffffa2]f[0xffffffa8][0xffffff95][0xffffffc8]R[0xffffff8a]I[[0xffffffc9][0xffffffff]r^[0xffffff97][0xffffffd6][0xffffff89][0xffffffba][0xffffff89][0xffffff80][0xffffffb6][0xfffffff3]\;I[0xffffffa5][\r][0xffffff9d][0xffffff9d]F[\n]"
2025-09-17 00:57:35,235(HH:mm:ss.SSS) [main] DEBUG org.apache.hc.client5.http.wire - http-outgoing-2 << "[0xffffffb4][0xffffffb3][0xffffff9d]+G[0xffffff98][0xffffffdb][0xffffff94]o[0xffffff8f]h[0xffffffcf][0xffffffc1][0x1e][0xffffffef]R[0xffffff9a]s[0xffffffa8][0xffffffb1][0xffffffb7][0xffffffa2]/n[0x4][0xffffff94]V[0xffffff8c][0xffffffc6]C[0xffffffb1][0xffffffd4]HO[0xffffff9f][0xffffffc7]}[0xffffffb7][0x10][0xffffffcd][0xffffffd1][[0x2][0xffffffe9][0xffffffff][0x3]PK[0x1][0x2][0x14][0x0][0x14][0x0][0x0][0x0][0x8][0x0]"[0xffffff80][0x1d][[0xffffffb9][0xffffffa5]Q[0xffffff91][0x10][0x3][0x0][0x0][0x0][0x6][0x0][0x0]'[0x0][0x0][0x0][0x0][0x0][0x0][0x0][0x0][0x0][0x0][0x0][0xffffffb6][0xffffff81][0x0][0x0][0x0][0x0]chromedriver-win64/LICENSE.chromedriverPK[0x1][0x2][0x14][0x0][0x14][0x0][0x0][0x0][0x8][0x0]"[0xffffff80][0x1d][[0xffffff8f][0xffffff97]][0xfffffffc][0xfffffffb].[0x1][0x0]4e[0xb][0x0]3[0x0][0x0][0x0][0x0][0x0][0x0][0x0][0x0][0x0][0x0][0x0][0xffffffb6][0xffffff81]U[0x3][0x0][0x0]chromedriver-win64/THIRD_PARTY_NOTICES.chromedriverPK[0x1][0x2][0x14][0x0][0x14][0x0][0x0][0x0][0x8][0x0]"[0xffffff80][0x1d][\[0x7f][0xfffffff6]c[0x3][0xffffff94][0xffffff95][0x0][0x0][0xffffffd2].[0x1]#[0x0][0x0][0x0][0x0][0x0][0x0][0x0][0x0][0x0][0x0][0x0][0xffffffff][0xffffff81][0xffffffa1]2[0x1][0x0]chromedriver-win64/chromedriver.exePK[0x5][0x6][0x0][0x0][0x0][0x0][0x3][0x0][0x3][0x0][0x7][0x1][0x0][0x0][0xffffffe5][0xffffffc6][0xffffff96][0x0][0x0][0x0]"
2025-09-17 00:57:35,235(HH:mm:ss.SSS) [main] DEBUG org.apache.hc.client5.http.impl.classic.InternalHttpClient - ep-0000000004 releasing valid endpoint
2025-09-17 00:57:35,235(HH:mm:ss.SSS) [main] DEBUG org.apache.hc.client5.http.impl.io.PoolingHttpClientConnectionManager - ep-0000000004 releasing endpoint
2025-09-17 00:57:35,235(HH:mm:ss.SSS) [main] DEBUG org.apache.hc.client5.http.impl.io.PoolingHttpClientConnectionManager - ep-0000000004 connection http-outgoing-2 can be kept alive for 3 MINUTES
2025-09-17 00:57:35,235(HH:mm:ss.SSS) [main] DEBUG org.apache.hc.client5.http.impl.io.PoolingHttpClientConnectionManager - ep-0000000004 connection released [route: {s}->[https://storage.googleapis.com:443]][total available: 3; route allocated: 1 of 5; total allocated: 3 of 25]
2025-09-17 00:57:35,236(HH:mm:ss.SSS) [main] INFO  io.github.bonigarcia.wdm.online.Downloader - Extracting driver from compressed file chromedriver-win64.zip
2025-09-17 00:57:35,557(HH:mm:ss.SSS) [main] INFO  io.github.bonigarcia.wdm.WebDriverManager - Exporting webdriver.chrome.driver as C:\Users\admin\.cache\selenium\chromedriver\win64\140.0.7339.82\chromedriver.exe
2025-09-17 00:57:49,082(HH:mm:ss.SSS) [main] INFO  MyStore - url opened
2025-09-17 00:57:50,958(HH:mm:ss.SSS) [main] INFO  MyStore - Click On Account Create Button
2025-09-17 00:57:50,975(HH:mm:ss.SSS) [main] INFO  MyStore - we are on correct url now
2025-09-17 01:08:55,894(HH:mm:ss.SSS) [main] DEBUG org.testng.TestNG - suiteXmlPath: "E:\c dri\eclipse-workspace\MyStore1\testng.xml"
2025-09-17 01:08:56,444(HH:mm:ss.SSS) [main] INFO  org.testng.internal.Utils - [TestNG] Running:
  E:\c dri\eclipse-workspace\MyStore1\testng.xml

2025-09-17 01:08:56,721(HH:mm:ss.SSS) [main] DEBUG org.apache.poi.openxml4j.opc.PackageRelationshipCollection - Parsing relationship: /xl/_rels/workbook.xml.rels
2025-09-17 01:08:56,762(HH:mm:ss.SSS) [main] DEBUG org.apache.poi.openxml4j.opc.PackageRelationshipCollection - Parsing relationship: /_rels/.rels
2025-09-17 01:08:57,657(HH:mm:ss.SSS) [main] DEBUG io.github.bonigarcia.wdm.WebDriverManager - Using WebDriverManager 6.1.0
2025-09-17 01:08:58,488(HH:mm:ss.SSS) [main] DEBUG io.github.bonigarcia.wdm.cache.ResolutionCache - Resolution chrome=140 in cache (valid until 01:57:26 17/09/2025 IST)
2025-09-17 01:08:58,495(HH:mm:ss.SSS) [main] DEBUG io.github.bonigarcia.wdm.cache.ResolutionCache - Resolution chrome140=140.0.7339.82 in cache (valid until 00:57:26 18/09/2025 IST)
2025-09-17 01:08:58,498(HH:mm:ss.SSS) [main] INFO  io.github.bonigarcia.wdm.WebDriverManager - Using chromedriver 140.0.7339.82 (resolved driver for Chrome 140)
2025-09-17 01:08:58,531(HH:mm:ss.SSS) [main] DEBUG io.github.bonigarcia.wdm.WebDriverManager - Driver chromedriver 140.0.7339.82 found in cache
2025-09-17 01:08:58,538(HH:mm:ss.SSS) [main] INFO  io.github.bonigarcia.wdm.WebDriverManager - Exporting webdriver.chrome.driver as C:\Users\admin\.cache\selenium\chromedriver\win64\140.0.7339.82\chromedriver.exe
2025-09-17 01:09:06,115(HH:mm:ss.SSS) [main] INFO  MyStore - url opened
2025-09-17 01:09:08,347(HH:mm:ss.SSS) [main] INFO  MyStore - Click On Account Create Button
2025-09-17 01:09:08,355(HH:mm:ss.SSS) [main] INFO  MyStore - we are on correct url now
2025-09-17 01:10:39,872(HH:mm:ss.SSS) [main] DEBUG org.testng.TestNG - suiteXmlPath: "E:\c dri\eclipse-workspace\MyStore1\testng.xml"
2025-09-17 01:10:40,400(HH:mm:ss.SSS) [main] INFO  org.testng.internal.Utils - [TestNG] Running:
  E:\c dri\eclipse-workspace\MyStore1\testng.xml

2025-09-17 01:10:40,630(HH:mm:ss.SSS) [main] DEBUG org.apache.poi.openxml4j.opc.PackageRelationshipCollection - Parsing relationship: /xl/_rels/workbook.xml.rels
2025-09-17 01:10:40,670(HH:mm:ss.SSS) [main] DEBUG org.apache.poi.openxml4j.opc.PackageRelationshipCollection - Parsing relationship: /_rels/.rels
2025-09-17 01:10:41,564(HH:mm:ss.SSS) [main] DEBUG io.github.bonigarcia.wdm.WebDriverManager - Using WebDriverManager 6.1.0
2025-09-17 01:10:43,617(HH:mm:ss.SSS) [main] DEBUG io.github.bonigarcia.wdm.cache.ResolutionCache - Resolution chrome=140 in cache (valid until 01:57:26 17/09/2025 IST)
2025-09-17 01:10:43,620(HH:mm:ss.SSS) [main] DEBUG io.github.bonigarcia.wdm.cache.ResolutionCache - Resolution chrome140=140.0.7339.82 in cache (valid until 00:57:26 18/09/2025 IST)
2025-09-17 01:10:43,621(HH:mm:ss.SSS) [main] INFO  io.github.bonigarcia.wdm.WebDriverManager - Using chromedriver 140.0.7339.82 (resolved driver for Chrome 140)
2025-09-17 01:10:43,698(HH:mm:ss.SSS) [main] DEBUG io.github.bonigarcia.wdm.WebDriverManager - Driver chromedriver 140.0.7339.82 found in cache
2025-09-17 01:10:43,704(HH:mm:ss.SSS) [main] INFO  io.github.bonigarcia.wdm.WebDriverManager - Exporting webdriver.chrome.driver as C:\Users\admin\.cache\selenium\chromedriver\win64\140.0.7339.82\chromedriver.exe
2025-09-17 01:10:51,047(HH:mm:ss.SSS) [main] INFO  MyStore - url opened
2025-09-17 01:10:52,910(HH:mm:ss.SSS) [main] INFO  MyStore - Click On Account Create Button
2025-09-17 01:10:52,937(HH:mm:ss.SSS) [main] INFO  MyStore - we are on correct url now
2025-09-17 01:57:39,329(HH:mm:ss.SSS) [main] DEBUG org.testng.TestNG - suiteXmlPath: "E:\c dri\eclipse-workspace\MyStore1\testng.xml"
2025-09-17 01:57:39,798(HH:mm:ss.SSS) [main] INFO  org.testng.internal.Utils - [TestNG] Running:
  E:\c dri\eclipse-workspace\MyStore1\testng.xml

2025-09-17 01:57:40,018(HH:mm:ss.SSS) [main] DEBUG org.apache.poi.openxml4j.opc.PackageRelationshipCollection - Parsing relationship: /xl/_rels/workbook.xml.rels
2025-09-17 01:57:40,059(HH:mm:ss.SSS) [main] DEBUG org.apache.poi.openxml4j.opc.PackageRelationshipCollection - Parsing relationship: /_rels/.rels
2025-09-17 01:57:40,925(HH:mm:ss.SSS) [main] DEBUG io.github.bonigarcia.wdm.WebDriverManager - Using WebDriverManager 6.1.0
2025-09-17 01:57:41,618(HH:mm:ss.SSS) [main] DEBUG io.github.bonigarcia.wdm.cache.ResolutionCache - Removing resolution chrome=140 from cache (expired on 2025-09-17T01:57:26.000+0530)
2025-09-17 01:57:41,654(HH:mm:ss.SSS) [main] DEBUG org.apache.hc.client5.http.impl.classic.InternalHttpClient - ex-0000000001 preparing request execution
2025-09-17 01:57:41,670(HH:mm:ss.SSS) [main] DEBUG org.apache.hc.client5.http.impl.classic.ProtocolExec - ex-0000000001 target auth state: UNCHALLENGED
2025-09-17 01:57:41,672(HH:mm:ss.SSS) [main] DEBUG org.apache.hc.client5.http.impl.classic.ProtocolExec - ex-0000000001 proxy auth state: UNCHALLENGED
2025-09-17 01:57:41,673(HH:mm:ss.SSS) [main] DEBUG org.apache.hc.client5.http.impl.classic.ConnectExec - ex-0000000001 acquiring connection with route {s}->[https://raw.githubusercontent.com:443]
2025-09-17 01:57:41,673(HH:mm:ss.SSS) [main] DEBUG org.apache.hc.client5.http.impl.classic.InternalHttpClient - ex-0000000001 acquiring endpoint (3 MINUTES)
2025-09-17 01:57:41,676(HH:mm:ss.SSS) [main] DEBUG org.apache.hc.client5.http.impl.io.PoolingHttpClientConnectionManager - ex-0000000001 endpoint lease request (3 MINUTES) [route: {s}->[https://raw.githubusercontent.com:443]][total available: 0; route allocated: 0 of 5; total allocated: 0 of 25]
2025-09-17 01:57:41,684(HH:mm:ss.SSS) [main] DEBUG org.apache.hc.client5.http.impl.io.PoolingHttpClientConnectionManager - ex-0000000001 endpoint leased [route: {s}->[https://raw.githubusercontent.com:443]][total available: 0; route allocated: 1 of 5; total allocated: 1 of 25]
2025-09-17 01:57:41,704(HH:mm:ss.SSS) [main] DEBUG org.apache.hc.client5.http.impl.io.PoolingHttpClientConnectionManager - ex-0000000001 acquired ep-0000000001
2025-09-17 01:57:41,706(HH:mm:ss.SSS) [main] DEBUG org.apache.hc.client5.http.impl.classic.InternalHttpClient - ex-0000000001 acquired endpoint ep-0000000001
2025-09-17 01:57:41,706(HH:mm:ss.SSS) [main] DEBUG org.apache.hc.client5.http.impl.classic.ConnectExec - ex-0000000001 opening connection {s}->[https://raw.githubusercontent.com:443]
2025-09-17 01:57:41,708(HH:mm:ss.SSS) [main] DEBUG org.apache.hc.client5.http.impl.classic.InternalHttpClient - ep-0000000001 connecting endpoint (null)
2025-09-17 01:57:41,711(HH:mm:ss.SSS) [main] DEBUG org.apache.hc.client5.http.impl.io.PoolingHttpClientConnectionManager - ep-0000000001 connecting endpoint to https://raw.githubusercontent.com:443 (30 SECONDS)
2025-09-17 01:57:41,714(HH:mm:ss.SSS) [main] DEBUG org.apache.hc.client5.http.impl.io.DefaultHttpClientConnectionOperator - raw.githubusercontent.com resolving remote address
2025-09-17 01:57:41,820(HH:mm:ss.SSS) [main] DEBUG org.apache.hc.client5.http.impl.io.DefaultHttpClientConnectionOperator - raw.githubusercontent.com resolved to [raw.githubusercontent.com/185.199.108.133, raw.githubusercontent.com/185.199.109.133, raw.githubusercontent.com/185.199.110.133, raw.githubusercontent.com/185.199.111.133, raw.githubusercontent.com/2606:50c0:8001:0:0:0:0:154, raw.githubusercontent.com/2606:50c0:8003:0:0:0:0:154, raw.githubusercontent.com/2606:50c0:8000:0:0:0:0:154, raw.githubusercontent.com/2606:50c0:8002:0:0:0:0:154]
2025-09-17 01:57:41,822(HH:mm:ss.SSS) [main] DEBUG org.apache.hc.client5.http.impl.io.DefaultHttpClientConnectionOperator - https://raw.githubusercontent.com:443 connecting null->raw.githubusercontent.com/185.199.108.133:443 (30 SECONDS)
2025-09-17 01:57:41,917(HH:mm:ss.SSS) [main] DEBUG org.apache.hc.client5.http.impl.io.DefaultHttpClientConnectionOperator - http-outgoing-0 https://raw.githubusercontent.com:443 connected /192.168.1.4:58989->raw.githubusercontent.com/185.199.108.133:443
2025-09-17 01:57:41,918(HH:mm:ss.SSS) [main] DEBUG org.apache.hc.client5.http.impl.io.DefaultManagedHttpClientConnection - http-outgoing-0 set socket timeout to 3 MINUTES
2025-09-17 01:57:41,919(HH:mm:ss.SSS) [main] DEBUG org.apache.hc.client5.http.impl.io.DefaultHttpClientConnectionOperator - http-outgoing-0 https://raw.githubusercontent.com:443 upgrading to TLS
2025-09-17 01:57:42,025(HH:mm:ss.SSS) [main] DEBUG org.apache.hc.client5.http.ssl.AbstractClientTlsStrategy - Enabled protocols: [TLSv1.3, TLSv1.2]
2025-09-17 01:57:42,027(HH:mm:ss.SSS) [main] DEBUG org.apache.hc.client5.http.ssl.AbstractClientTlsStrategy - Enabled cipher suites: [TLS_AES_256_GCM_SHA384, TLS_AES_128_GCM_SHA256, TLS_CHACHA20_POLY1305_SHA256, TLS_ECDHE_ECDSA_WITH_AES_256_GCM_SHA384, TLS_ECDHE_ECDSA_WITH_AES_128_GCM_SHA256, TLS_ECDHE_ECDSA_WITH_CHACHA20_POLY1305_SHA256, TLS_ECDHE_RSA_WITH_AES_256_GCM_SHA384, TLS_ECDHE_RSA_WITH_CHACHA20_POLY1305_SHA256, TLS_ECDHE_RSA_WITH_AES_128_GCM_SHA256, TLS_DHE_RSA_WITH_AES_256_GCM_SHA384, TLS_DHE_RSA_WITH_CHACHA20_POLY1305_SHA256, TLS_DHE_DSS_WITH_AES_256_GCM_SHA384, TLS_DHE_RSA_WITH_AES_128_GCM_SHA256, TLS_DHE_DSS_WITH_AES_128_GCM_SHA256, TLS_ECDHE_ECDSA_WITH_AES_256_CBC_SHA384, TLS_ECDHE_RSA_WITH_AES_256_CBC_SHA384, TLS_ECDHE_ECDSA_WITH_AES_128_CBC_SHA256, TLS_ECDHE_RSA_WITH_AES_128_CBC_SHA256, TLS_DHE_RSA_WITH_AES_256_CBC_SHA256, TLS_DHE_DSS_WITH_AES_256_CBC_SHA256, TLS_DHE_RSA_WITH_AES_128_CBC_SHA256, TLS_DHE_DSS_WITH_AES_128_CBC_SHA256, TLS_ECDHE_ECDSA_WITH_AES_256_CBC_SHA, TLS_ECDHE_RSA_WITH_AES_256_CBC_SHA, TLS_ECDHE_ECDSA_WITH_AES_128_CBC_SHA, TLS_ECDHE_RSA_WITH_AES_128_CBC_SHA, TLS_DHE_RSA_WITH_AES_256_CBC_SHA, TLS_DHE_DSS_WITH_AES_256_CBC_SHA, TLS_DHE_RSA_WITH_AES_128_CBC_SHA, TLS_DHE_DSS_WITH_AES_128_CBC_SHA, TLS_RSA_WITH_AES_256_GCM_SHA384, TLS_RSA_WITH_AES_128_GCM_SHA256, TLS_RSA_WITH_AES_256_CBC_SHA256, TLS_RSA_WITH_AES_128_CBC_SHA256, TLS_RSA_WITH_AES_256_CBC_SHA, TLS_RSA_WITH_AES_128_CBC_SHA, TLS_EMPTY_RENEGOTIATION_INFO_SCSV]
2025-09-17 01:57:42,028(HH:mm:ss.SSS) [main] DEBUG org.apache.hc.client5.http.ssl.AbstractClientTlsStrategy - Starting handshake (null)
2025-09-17 01:57:43,763(HH:mm:ss.SSS) [main] DEBUG org.apache.hc.client5.http.ssl.AbstractClientTlsStrategy - Secure session established
2025-09-17 01:57:43,763(HH:mm:ss.SSS) [main] DEBUG org.apache.hc.client5.http.ssl.AbstractClientTlsStrategy -  negotiated protocol: TLSv1.3
2025-09-17 01:57:43,764(HH:mm:ss.SSS) [main] DEBUG org.apache.hc.client5.http.ssl.AbstractClientTlsStrategy -  negotiated cipher suite: TLS_AES_128_GCM_SHA256
2025-09-17 01:57:43,767(HH:mm:ss.SSS) [main] DEBUG org.apache.hc.client5.http.ssl.AbstractClientTlsStrategy -  peer principal: CN=*.github.io
2025-09-17 01:57:43,768(HH:mm:ss.SSS) [main] DEBUG org.apache.hc.client5.http.ssl.AbstractClientTlsStrategy -  peer alternative names: [*.github.io, *.github.com, *.githubusercontent.com, github.com, github.io, githubusercontent.com, www.github.com]
2025-09-17 01:57:43,769(HH:mm:ss.SSS) [main] DEBUG org.apache.hc.client5.http.ssl.AbstractClientTlsStrategy -  issuer principal: CN=Sectigo RSA Domain Validation Secure Server CA, O=Sectigo Limited, L=Salford, ST=Greater Manchester, C=GB
2025-09-17 01:57:43,770(HH:mm:ss.SSS) [main] DEBUG org.apache.hc.client5.http.impl.io.DefaultHttpClientConnectionOperator - http-outgoing-0 https://raw.githubusercontent.com:443 upgraded to TLS
2025-09-17 01:57:43,771(HH:mm:ss.SSS) [main] DEBUG org.apache.hc.client5.http.impl.io.PoolingHttpClientConnectionManager - ep-0000000001 connected http-outgoing-0
2025-09-17 01:57:43,771(HH:mm:ss.SSS) [main] DEBUG org.apache.hc.client5.http.impl.classic.InternalHttpClient - ep-0000000001 endpoint connected
2025-09-17 01:57:43,772(HH:mm:ss.SSS) [main] DEBUG org.apache.hc.client5.http.impl.classic.MainClientExec - ex-0000000001 executing GET /bonigarcia/webdrivermanager/master/src/main/resources/commands.properties
2025-09-17 01:57:43,772(HH:mm:ss.SSS) [main] DEBUG org.apache.hc.client5.http.protocol.RequestAddCookies - ex-0000000001 Cookie spec selected: strict
2025-09-17 01:57:43,798(HH:mm:ss.SSS) [main] DEBUG org.apache.hc.client5.http.impl.classic.InternalHttpClient - ep-0000000001 start execution ex-0000000001
2025-09-17 01:57:43,800(HH:mm:ss.SSS) [main] DEBUG org.apache.hc.client5.http.impl.io.PoolingHttpClientConnectionManager - ep-0000000001 executing exchange ex-0000000001 over http-outgoing-0
2025-09-17 01:57:43,803(HH:mm:ss.SSS) [main] DEBUG org.apache.hc.client5.http.headers - http-outgoing-0 >> GET /bonigarcia/webdrivermanager/master/src/main/resources/commands.properties HTTP/1.1
2025-09-17 01:57:43,804(HH:mm:ss.SSS) [main] DEBUG org.apache.hc.client5.http.headers - http-outgoing-0 >> user-agent: Apache-HttpClient/5.0
2025-09-17 01:57:43,805(HH:mm:ss.SSS) [main] DEBUG org.apache.hc.client5.http.headers - http-outgoing-0 >> accept-encoding: gzip, deflate, br
2025-09-17 01:57:43,805(HH:mm:ss.SSS) [main] DEBUG org.apache.hc.client5.http.headers - http-outgoing-0 >> cache-control: max-age=0
2025-09-17 01:57:43,806(HH:mm:ss.SSS) [main] DEBUG org.apache.hc.client5.http.headers - http-outgoing-0 >> connection: keep-alive
2025-09-17 01:57:43,806(HH:mm:ss.SSS) [main] DEBUG org.apache.hc.client5.http.headers - http-outgoing-0 >> Host: raw.githubusercontent.com
2025-09-17 01:57:43,806(HH:mm:ss.SSS) [main] DEBUG org.apache.hc.client5.http.wire - http-outgoing-0 >> "GET /bonigarcia/webdrivermanager/master/src/main/resources/commands.properties HTTP/1.1[\r][\n]"
2025-09-17 01:57:43,807(HH:mm:ss.SSS) [main] DEBUG org.apache.hc.client5.http.wire - http-outgoing-0 >> "user-agent: Apache-HttpClient/5.0[\r][\n]"
2025-09-17 01:57:43,807(HH:mm:ss.SSS) [main] DEBUG org.apache.hc.client5.http.wire - http-outgoing-0 >> "accept-encoding: gzip, deflate, br[\r][\n]"
2025-09-17 01:57:43,807(HH:mm:ss.SSS) [main] DEBUG org.apache.hc.client5.http.wire - http-outgoing-0 >> "cache-control: max-age=0[\r][\n]"
2025-09-17 01:57:43,808(HH:mm:ss.SSS) [main] DEBUG org.apache.hc.client5.http.wire - http-outgoing-0 >> "connection: keep-alive[\r][\n]"
2025-09-17 01:57:43,808(HH:mm:ss.SSS) [main] DEBUG org.apache.hc.client5.http.wire - http-outgoing-0 >> "Host: raw.githubusercontent.com[\r][\n]"
2025-09-17 01:57:43,809(HH:mm:ss.SSS) [main] DEBUG org.apache.hc.client5.http.wire - http-outgoing-0 >> "[\r][\n]"
2025-09-17 01:57:43,907(HH:mm:ss.SSS) [main] DEBUG org.apache.hc.client5.http.wire - http-outgoing-0 << "HTTP/1.1 200 OK[\r][\n]"
2025-09-17 01:57:43,907(HH:mm:ss.SSS) [main] DEBUG org.apache.hc.client5.http.wire - http-outgoing-0 << "Connection: keep-alive[\r][\n]"
2025-09-17 01:57:43,908(HH:mm:ss.SSS) [main] DEBUG org.apache.hc.client5.http.wire - http-outgoing-0 << "Content-Length: 946[\r][\n]"
2025-09-17 01:57:43,908(HH:mm:ss.SSS) [main] DEBUG org.apache.hc.client5.http.wire - http-outgoing-0 << "Cache-Control: max-age=300[\r][\n]"
2025-09-17 01:57:43,908(HH:mm:ss.SSS) [main] DEBUG org.apache.hc.client5.http.wire - http-outgoing-0 << "Content-Security-Policy: default-src 'none'; style-src 'unsafe-inline'; sandbox[\r][\n]"
2025-09-17 01:57:43,908(HH:mm:ss.SSS) [main] DEBUG org.apache.hc.client5.http.wire - http-outgoing-0 << "Content-Type: text/plain; charset=utf-8[\r][\n]"
2025-09-17 01:57:43,908(HH:mm:ss.SSS) [main] DEBUG org.apache.hc.client5.http.wire - http-outgoing-0 << "ETag: W/"dc0c32cea2dfa86f6cf10513cf8a64e1e8817484a415b658b4eecd962d4deaee"[\r][\n]"
2025-09-17 01:57:43,908(HH:mm:ss.SSS) [main] DEBUG org.apache.hc.client5.http.wire - http-outgoing-0 << "Strict-Transport-Security: max-age=31536000[\r][\n]"
2025-09-17 01:57:43,908(HH:mm:ss.SSS) [main] DEBUG org.apache.hc.client5.http.wire - http-outgoing-0 << "X-Content-Type-Options: nosniff[\r][\n]"
2025-09-17 01:57:43,910(HH:mm:ss.SSS) [main] DEBUG org.apache.hc.client5.http.wire - http-outgoing-0 << "X-Frame-Options: deny[\r][\n]"
2025-09-17 01:57:43,910(HH:mm:ss.SSS) [main] DEBUG org.apache.hc.client5.http.wire - http-outgoing-0 << "X-XSS-Protection: 1; mode=block[\r][\n]"
2025-09-17 01:57:43,910(HH:mm:ss.SSS) [main] DEBUG org.apache.hc.client5.http.wire - http-outgoing-0 << "X-GitHub-Request-Id: D604:2264A:40FA87:A2B4BC:68BF456D[\r][\n]"
2025-09-17 01:57:43,910(HH:mm:ss.SSS) [main] DEBUG org.apache.hc.client5.http.wire - http-outgoing-0 << "Content-Encoding: gzip[\r][\n]"
2025-09-17 01:57:43,911(HH:mm:ss.SSS) [main] DEBUG org.apache.hc.client5.http.wire - http-outgoing-0 << "Accept-Ranges: bytes[\r][\n]"
2025-09-17 01:57:43,911(HH:mm:ss.SSS) [main] DEBUG org.apache.hc.client5.http.wire - http-outgoing-0 << "Date: Tue, 16 Sep 2025 20:27:44 GMT[\r][\n]"
2025-09-17 01:57:43,911(HH:mm:ss.SSS) [main] DEBUG org.apache.hc.client5.http.wire - http-outgoing-0 << "Via: 1.1 varnish[\r][\n]"
2025-09-17 01:57:43,911(HH:mm:ss.SSS) [main] DEBUG org.apache.hc.client5.http.wire - http-outgoing-0 << "X-Served-By: cache-ccu830047-CCU[\r][\n]"
2025-09-17 01:57:43,911(HH:mm:ss.SSS) [main] DEBUG org.apache.hc.client5.http.wire - http-outgoing-0 << "X-Cache: HIT[\r][\n]"
2025-09-17 01:57:43,911(HH:mm:ss.SSS) [main] DEBUG org.apache.hc.client5.http.wire - http-outgoing-0 << "X-Cache-Hits: 2[\r][\n]"
2025-09-17 01:57:43,911(HH:mm:ss.SSS) [main] DEBUG org.apache.hc.client5.http.wire - http-outgoing-0 << "X-Timer: S1758054465.977769,VS0,VE0[\r][\n]"
2025-09-17 01:57:43,911(HH:mm:ss.SSS) [main] DEBUG org.apache.hc.client5.http.wire - http-outgoing-0 << "Vary: Authorization,Accept-Encoding[\r][\n]"
2025-09-17 01:57:43,912(HH:mm:ss.SSS) [main] DEBUG org.apache.hc.client5.http.wire - http-outgoing-0 << "Access-Control-Allow-Origin: *[\r][\n]"
2025-09-17 01:57:43,912(HH:mm:ss.SSS) [main] DEBUG org.apache.hc.client5.http.wire - http-outgoing-0 << "Cross-Origin-Resource-Policy: cross-origin[\r][\n]"
2025-09-17 01:57:43,912(HH:mm:ss.SSS) [main] DEBUG org.apache.hc.client5.http.wire - http-outgoing-0 << "X-Fastly-Request-ID: d493e189062a153379594cb9ae27d299a3ad9216[\r][\n]"
2025-09-17 01:57:43,912(HH:mm:ss.SSS) [main] DEBUG org.apache.hc.client5.http.wire - http-outgoing-0 << "Expires: Tue, 16 Sep 2025 20:32:44 GMT[\r][\n]"
2025-09-17 01:57:43,912(HH:mm:ss.SSS) [main] DEBUG org.apache.hc.client5.http.wire - http-outgoing-0 << "Source-Age: 215[\r][\n]"
2025-09-17 01:57:43,912(HH:mm:ss.SSS) [main] DEBUG org.apache.hc.client5.http.wire - http-outgoing-0 << "[\r][\n]"
2025-09-17 01:57:43,919(HH:mm:ss.SSS) [main] DEBUG org.apache.hc.client5.http.headers - http-outgoing-0 << HTTP/1.1 200 OK
2025-09-17 01:57:43,919(HH:mm:ss.SSS) [main] DEBUG org.apache.hc.client5.http.headers - http-outgoing-0 << Connection: keep-alive
2025-09-17 01:57:43,919(HH:mm:ss.SSS) [main] DEBUG org.apache.hc.client5.http.headers - http-outgoing-0 << Content-Length: 946
2025-09-17 01:57:43,920(HH:mm:ss.SSS) [main] DEBUG org.apache.hc.client5.http.headers - http-outgoing-0 << Cache-Control: max-age=300
2025-09-17 01:57:43,920(HH:mm:ss.SSS) [main] DEBUG org.apache.hc.client5.http.headers - http-outgoing-0 << Content-Security-Policy: default-src 'none'; style-src 'unsafe-inline'; sandbox
2025-09-17 01:57:43,920(HH:mm:ss.SSS) [main] DEBUG org.apache.hc.client5.http.headers - http-outgoing-0 << Content-Type: text/plain; charset=utf-8
2025-09-17 01:57:43,920(HH:mm:ss.SSS) [main] DEBUG org.apache.hc.client5.http.headers - http-outgoing-0 << ETag: W/"dc0c32cea2dfa86f6cf10513cf8a64e1e8817484a415b658b4eecd962d4deaee"
2025-09-17 01:57:43,921(HH:mm:ss.SSS) [main] DEBUG org.apache.hc.client5.http.headers - http-outgoing-0 << Strict-Transport-Security: max-age=31536000
2025-09-17 01:57:43,921(HH:mm:ss.SSS) [main] DEBUG org.apache.hc.client5.http.headers - http-outgoing-0 << X-Content-Type-Options: nosniff
2025-09-17 01:57:43,921(HH:mm:ss.SSS) [main] DEBUG org.apache.hc.client5.http.headers - http-outgoing-0 << X-Frame-Options: deny
2025-09-17 01:57:43,921(HH:mm:ss.SSS) [main] DEBUG org.apache.hc.client5.http.headers - http-outgoing-0 << X-XSS-Protection: 1; mode=block
2025-09-17 01:57:43,921(HH:mm:ss.SSS) [main] DEBUG org.apache.hc.client5.http.headers - http-outgoing-0 << X-GitHub-Request-Id: D604:2264A:40FA87:A2B4BC:68BF456D
2025-09-17 01:57:43,922(HH:mm:ss.SSS) [main] DEBUG org.apache.hc.client5.http.headers - http-outgoing-0 << Content-Encoding: gzip
2025-09-17 01:57:43,922(HH:mm:ss.SSS) [main] DEBUG org.apache.hc.client5.http.headers - http-outgoing-0 << Accept-Ranges: bytes
2025-09-17 01:57:43,922(HH:mm:ss.SSS) [main] DEBUG org.apache.hc.client5.http.headers - http-outgoing-0 << Date: Tue, 16 Sep 2025 20:27:44 GMT
2025-09-17 01:57:43,922(HH:mm:ss.SSS) [main] DEBUG org.apache.hc.client5.http.headers - http-outgoing-0 << Via: 1.1 varnish
2025-09-17 01:57:43,922(HH:mm:ss.SSS) [main] DEBUG org.apache.hc.client5.http.headers - http-outgoing-0 << X-Served-By: cache-ccu830047-CCU
2025-09-17 01:57:43,923(HH:mm:ss.SSS) [main] DEBUG org.apache.hc.client5.http.headers - http-outgoing-0 << X-Cache: HIT
2025-09-17 01:57:43,923(HH:mm:ss.SSS) [main] DEBUG org.apache.hc.client5.http.headers - http-outgoing-0 << X-Cache-Hits: 2
2025-09-17 01:57:43,923(HH:mm:ss.SSS) [main] DEBUG org.apache.hc.client5.http.headers - http-outgoing-0 << X-Timer: S1758054465.977769,VS0,VE0
2025-09-17 01:57:43,923(HH:mm:ss.SSS) [main] DEBUG org.apache.hc.client5.http.headers - http-outgoing-0 << Vary: Authorization,Accept-Encoding
2025-09-17 01:57:43,923(HH:mm:ss.SSS) [main] DEBUG org.apache.hc.client5.http.headers - http-outgoing-0 << Access-Control-Allow-Origin: *
2025-09-17 01:57:43,924(HH:mm:ss.SSS) [main] DEBUG org.apache.hc.client5.http.headers - http-outgoing-0 << Cross-Origin-Resource-Policy: cross-origin
2025-09-17 01:57:43,924(HH:mm:ss.SSS) [main] DEBUG org.apache.hc.client5.http.headers - http-outgoing-0 << X-Fastly-Request-ID: d493e189062a153379594cb9ae27d299a3ad9216
2025-09-17 01:57:43,924(HH:mm:ss.SSS) [main] DEBUG org.apache.hc.client5.http.headers - http-outgoing-0 << Expires: Tue, 16 Sep 2025 20:32:44 GMT
2025-09-17 01:57:43,925(HH:mm:ss.SSS) [main] DEBUG org.apache.hc.client5.http.headers - http-outgoing-0 << Source-Age: 215
2025-09-17 01:57:43,929(HH:mm:ss.SSS) [main] DEBUG org.apache.hc.client5.http.impl.classic.MainClientExec - ex-0000000001 connection can be kept alive for 3 MINUTES
2025-09-17 01:57:43,936(HH:mm:ss.SSS) [main] DEBUG org.apache.hc.client5.http.wire - http-outgoing-0 << "[0x1f][0xffffff8b][0x8][0x0][0x0][0x0][0x0][0x0][0x0][0x3][0xffffffb5]X[0xffffffd1]n[0xffffffda]0[0x14]}[0xffffffe7]+,[0xffffffba]J [0x11][0xffffffb2][0x1][0xffffffeb][0xffffffaa]Jy[0xffffffa0][0x19]e[0xffffffd5][0xffffffa8]`[0xffffffd0]v[0xffffff9b][0xffffffe4][0x17][0xffffff93]8`)[0xffffff89]Q[0xffffff9c]@[0xffffffb7][0xffffffa9][0xfffffffb][0xfffffff6]9NB[0xffffffe3]$[0xc]H[0xffffffe0][0xffffffad][0xffffff8e][0xffffff8f][0xffffffef]97[0xffffffdc]s}[0xffffffd3][0xb][0xffffffa0]S[0xffffffc7]A[0xffffffae][0xffffffc9][0xffffff80][0xffffff89]|4G[0xc][0xffffffd7].[0xffffffc0][0xffffffe3][0xffffff92]0`[0x11][0x1b][0x3][0xffffff83][0xffffffba]>".[0x3][0xfffffffe]2\[0xffffffc4]P[0xffffff9f][0xffffff82]9[0x6][0xfffffff8][0x5][0x1b][0xffffff81][0xffffff8f]M@\[0xffffffb1][0xffffffcd][0xffffff96][0xffffffd8][0xffffffb6][0xffffffc3][0x5][0xfffffff5]L[0xffffffec][0xffffff85] [0x13][0xfffffffb][0xffffffd8][0xfffffff0][0xffffffc5][0xffffffe6][0x1a]{[0xffffff8c]P[0xffffffbe]g[0x1][0xffffffcc][0xffffffff]^x[0x18][0xffffffbb]`[0xffffffee][0xffffffd1][\r][0xffffffe3][0x1b][0xffffff9c][0xffffffb2][0xffffffa1]/=[0xffffffea][0xffffffe0][0x16][0xffffffb8]#[0x1e][0xffffffb6][0xffffffe8]K[0xb][0xffffff8c]W[0xffffffd8]C-00[0x17][0xfffffffc][0xffffffa9][0xffffffd8]%[0xffffff81][0xffffffd3][0xc][0xffffffe3][0xffffff9b][0xffffffc4][0xffffffb2][0xffffffb0][0xffffff87]][0x1f][0xffffffd0][0x10][0xffffffe3][0x13]w[0x1][0xffffffd8]/[0xffffffe6]c[0xffffff87][0xffffff81][0xffffffc6]w[0xffffffe2][0xffffff9a]<j[0xb][0xffffff8c][0xffffff88][0x1b][0xfffffff0]0[0xf][0xffffffc8][0x0][0xffffffe3]Y[0xffffffb3][0xffffffc6]9"[0xffffff8a]Z[0xffffff9c]F[0xffffffdb][0x10][0xffffffcb][0xfffffff6]&:[0xffffffd0]~[0xffffffff]A3[0x1c][0xffffffb3][0xffffffcd][0xffffffb3][0x2][0xffffffaa][0xe]6[0xe]1[0xffffffc4]+[0x11][0xffffffaf]a[0xffffffb3][0xffffffe4]|[0xffffffc0]E[0xe][0xffffffd6][0xffffffea][0xffffff97][0xffffff93][0xffffffe9]x8[0xffffffed]?[0xffffffdc][0xffffffdd][0xffffff8f][0x6][0xffffffb3][0x1b][0xffffffa8]Ax[0x9][0xffffffe1][0xffffff90][0xffffffd2][0xffffff85][0xffffff8d]![0xffffff8c]( [0xffffffec][0xffffffaf]V61[0xffffffb8]4[0xffffffea]B[0x18][0x13][0xfffffff1][0xffffffc8]u[0xffffffb0][0xffffffc0]>x[0xffffff8e][0xffffffdf][0xffffff85][0xffffffba]Fv[0xffffffb0][O[0xffffffa7][0xffffff84][0xffffff9e][0xffffffc6][0xffffff8f][0xffffffeb][0xffffffab][0xffffffe6]9Eu[0xf][0x14]5[0x1a][0xffffffeb][0xfffffffd]Q[0x7f]2[0xfffffff9][0xffffffdc][0x7f][0xffffffec][0xffffff9f]SOO[0xffffff9b][0xe][0xffffff86][0xffffffe0][0xffffffdb][0xffffffd3]`[0xfffffffa][0x13]|[0xfffffff9][0xffffffaa]?[0xffffffc1][0x19][0xffffffb5][0xfffffffc][\r][0xfffffff2]p[0xffffffc2][0x16][0xffffff93][0xffffffdd][0xffffff8e]n12D[0xffffffbc][0xffffffa4][0x16]w[0xffffffc6][0xfffffffc][0xffffffa8][0xffffffad][0xffffffe8][0xffffff86]c[0xffffffc2]z[0x16][0xffffffa9]*[0xffffffb1]I@c[0xffffff88]}[0xffffffe5][0xffffff9e][0x17][0x1a][0xffffffa8][0xffffffbf][0xfffffffb][0xffffff83][0xffffffdd][0xfffffff5]M:[0xffffffcd][0xffffffd7][0xc]e:[0xffffffbd]Tv[0xffffffcd]v[0xffffff9c][0xffffffda][0xffffffbd]k[0xffffffd1][0xfffffff6][0xffffffc4][0xffffffa3]f`[0xfffffff8][0xffffffcf]{$][0x1d].)W[0xe][0xffffffe7][0xffffffd4][0xfffffff5][0xffffffa9][0xffffff9c][0xffffffae]SH[0xffffffca]j[0xffffffb2]C[0xffffffbf][0xffffff87].V[0x3][0xffffffe6][0xffffffa9]s[0xffffffe2][0xffffffaa][0xb][0xffffffc1][0xffffffa1]D[0xfffffffb]@Qv[0xfffffffc][0xffffffee][0xfffffff1][0xffffffc1][0xffffff8e][0xffffffb6][0xb][0xffffff9f]=[0xffffffe0] C[0xfffffff0][0xffffffa4]T35J([0xffffffee]1m[0xffffffb4]Z[0xffffffa9]:[0xffffffef][0xffffff9d][0xffffffbc]I1[0xffffff95][0xffffffb7][0xffffffa0][0xfffffff1]L[0x6][0xffffffa4][0xffffffa3][0xfffffff3][0xffffffce][0x14]7[0xffffffbd]-[0xffffff91][0x15][0xffffffad]O[0xffffffd3][0xffffff9b][0x1e][0xffffffe8]ob[0xffffffdb](![0xffffff81]0[0xffffff89][0xffffffbe][0xffffffcf]k9[0x15][0xffffff95];[0xffffffd2][0xffffffe9][0xffffffa4]tS[0xffffffbe][0xffffffaf][0xffffffcb][0xffffffc6][0xffffff8f]I[0xffffffb2]d[0xfffffff5][0xffffffd0][0xfffffffa]z[0xffffffe0][0xffffff85][0x17]G[0xffffffb6][0xffffffac]s[0xffffffe1]{[0xffffff95][0xfffffffc][0x16]1[0xffffffff][0xfffffffd] [0xffffffa5]w[0xffffff90][0xffffffbf]rB[0xffffff8e][0xffffffe8]E[0xffffffb2][0xffffffc1][0xffffff8e][0xffffffd7][0xffffff90][0x13][0xffffff91]wT[0xffffffbc][0x3][0xffffff94][0xfffffff5].pGKar[0xffffffa0]B[0xffffffe7][0xffffffc4][0xffffffbf]O[0xffffff91]g[0xffffffd2][0xffffffb1][0xffffffb8]M[0xffffffc2]Y`[0x1b][0x13][0xfffffff3]E5[0xffffff83][0xffffffc8][0xffffffa5]I[0xc][0xffffff8f]2^C[0x10][0xffffff86]4[0xffffff99][0xffffffdb][0xffffffc9]a[0xffffff82]n_[0xffffff99][0xffffffca][0xffffff9a][0xffffffca][0xffffffd8][0xffffffe5][0xffffff8c]r[0xffffffba];[0xffffffaf][0xffffffca]72[0xffffffc1][0xfffffff5][0xffffffbf][0xffffffbb]R[0xe]Y[0xffffffd2]&[0xffffffaf]Y[0xffffffc6]tr[0xffffffa9][0xffffffdc][0xe][0xffffffb2][0xffffff8c][0xffffffac][0xffffffa8][0xffffffa4]_[0x12][0xffffffe3]V[0xffffff97]U[0xffffff93][0xffffff85][0xffffffe5]=[0xffffffe4]$[0x1c]J[0x8]([0xffffffb8][0xffffff96][0xffffffd2][0xffffffe7]:[0xffffffda]N[0xffffffb8][0xffffff8c]/t[0xffffffd6]6[0x1d][0xffffffe1][0xffffff9c]"[0xffffff83][0xffffffc9][0x8] ]Jb[0x0][0xffffffdf][0xffffffb2][0xffffff88]Q[0xfffffffb]x[0xffffffbf][0x15][0xffffffcd][0xffffff81][0xfffffffc][0xffffff8d]-<[0xffffffe4]0[0x8][0x5][0x5][0xffffff84]Q[0xffffffec]}[0xffffffd5][0xffffff9c]QP[0xffffffc5]][0xffffffa7]QPe[0x16][0xffffff8e]ym[0x14][0xffffffb8][0x6][0xffffffc7][0x1e]K[0xffffffdd][0xffffffab][0xffffff90]|E[0xffffffea][0xffffffd2]7R[0xffffffc4]+[0xffffffd1][0x1e]d[0xfffffff0][0xc][0xffffffff][0x11][0xffffffa3][0xffffffb0]<[0xffffff9d][0xffffff9f][0xffffff88][0xffffffbf][0xfffffff4][0xffffffc8][0xffffffbb]-[0xffffffba]H[0xffffffc8][[0xffffffc9][0xffffff95]Qq][0xfffffff6]-[0xffffff94]S[0xffffff91][0xffffff91][0xffffff91][0xffffffef]j[0xffffffe2]yA3[0xffffff93][0xfffffff0][0x1d]-[0xb][0xffffffcb][0xffffffe0][\n]"
2025-09-17 01:57:43,936(HH:mm:ss.SSS) [main] DEBUG org.apache.hc.client5.http.wire - http-outgoing-0 << "[0xffffffbb][0xffffff98][0x10]Z[0xffffffd4][0xffffffbc][0xffffffc6][0xffffffd9]`[0xffffffc9]7>[0x9][0x1c]yf[0xffffffe7][0xf]N[0xffffffd3][0xffffffba][0xffffff92][0xfffffff0][0x15]>^%-[0xffffff95]'[0xffffffea]S[0xb]:[0xffffffb4][0xffffffa7][0x15]5[0xffffff96]Sk)=]l[0xffffff85]T[0xfffffffe][0xffffffd4][0xffffff95][0xfffffff4]T[0xffffff9b]-[0xffffffce]$[0xffffffaa]t;[0xffffffac][0xffffffa4]'/([0xffffffdf][0x12][0xffffff92]-%[0xfffffffe]7[0xffffffdf][0xffffffae]/[0xfffffff0][0xffffffd4]in[0xffffff87][0xffffffe3][0xf]u[0xfffffff3][0xffffff94][0x7][0xffffff9c][0xffffffea]i[0x5][0xffffffe0]<[0xffffffba][0xffffffb0]#%[0xffffffaf][0xffffffae][0xffffffa8])[0xffffffe9][0x5]Q/[0xffffffc0][0xc]Y[0xffffffc8]#[0xffffffdb][0xfffffff0]L,[0xffffff8b][0xffffff83]G[0xffffffd0][0xffffffa2][0xffffffd0][0xffffffd1]N*[0xfffffff0]?l[0x1d]d@[0xffffffbe][0x15][0x0][0x0]"
2025-09-17 01:57:43,943(HH:mm:ss.SSS) [main] DEBUG org.apache.hc.client5.http.impl.classic.InternalHttpClient - ep-0000000001 releasing valid endpoint
2025-09-17 01:57:43,943(HH:mm:ss.SSS) [main] DEBUG org.apache.hc.client5.http.impl.io.PoolingHttpClientConnectionManager - ep-0000000001 releasing endpoint
2025-09-17 01:57:43,944(HH:mm:ss.SSS) [main] DEBUG org.apache.hc.client5.http.impl.io.PoolingHttpClientConnectionManager - ep-0000000001 connection http-outgoing-0 can be kept alive for 3 MINUTES
2025-09-17 01:57:43,945(HH:mm:ss.SSS) [main] DEBUG org.apache.hc.client5.http.impl.io.PoolingHttpClientConnectionManager - ep-0000000001 connection released [route: {s}->[https://raw.githubusercontent.com:443]][total available: 1; route allocated: 1 of 5; total allocated: 1 of 25]
2025-09-17 01:57:43,946(HH:mm:ss.SSS) [main] DEBUG io.github.bonigarcia.wdm.versions.VersionDetector - Detecting chrome version using online commands.properties
2025-09-17 01:57:43,951(HH:mm:ss.SSS) [main] DEBUG io.github.bonigarcia.wdm.versions.Shell - Running command on the shell: [powershell.exe, -Command, (Get-Item "${env:PROGRAMFILES}\Google\Chrome\Application\chrome.exe").VersionInfo.ProductVersion]
2025-09-17 01:57:45,435(HH:mm:ss.SSS) [main] DEBUG io.github.bonigarcia.wdm.versions.Shell - Result: 140.0.7339.128
2025-09-17 01:57:45,440(HH:mm:ss.SSS) [main] DEBUG io.github.bonigarcia.wdm.cache.ResolutionCache - Resolution chrome140=140.0.7339.82 in cache (valid until 00:57:26 18/09/2025 IST)
2025-09-17 01:57:45,441(HH:mm:ss.SSS) [main] INFO  io.github.bonigarcia.wdm.WebDriverManager - Using chromedriver 140.0.7339.82 (resolved driver for Chrome 140)
2025-09-17 01:57:45,446(HH:mm:ss.SSS) [main] DEBUG io.github.bonigarcia.wdm.cache.ResolutionCache - Storing resolution chrome=140 in cache (valid until 02:57:45 17/09/2025 IST)
2025-09-17 01:57:45,466(HH:mm:ss.SSS) [main] DEBUG io.github.bonigarcia.wdm.WebDriverManager - Driver chromedriver 140.0.7339.82 found in cache
2025-09-17 01:57:45,468(HH:mm:ss.SSS) [main] INFO  io.github.bonigarcia.wdm.WebDriverManager - Exporting webdriver.chrome.driver as C:\Users\admin\.cache\selenium\chromedriver\win64\140.0.7339.82\chromedriver.exe
2025-09-17 01:57:53,060(HH:mm:ss.SSS) [main] INFO  MyStore - url opened
2025-09-17 01:57:54,900(HH:mm:ss.SSS) [main] INFO  MyStore - Click On Account Create Button
2025-09-17 01:57:54,922(HH:mm:ss.SSS) [main] INFO  MyStore - we are on correct url now
2025-09-17 10:29:37,816(HH:mm:ss.SSS) [main] DEBUG org.testng.TestNG - suiteXmlPath: "E:\c dri\eclipse-workspace\MyStore1\testng.xml"
2025-09-17 10:29:38,386(HH:mm:ss.SSS) [main] INFO  org.testng.internal.Utils - [TestNG] Running:
  E:\c dri\eclipse-workspace\MyStore1\testng.xml

2025-09-17 10:29:38,648(HH:mm:ss.SSS) [main] DEBUG org.apache.poi.openxml4j.opc.PackageRelationshipCollection - Parsing relationship: /xl/_rels/workbook.xml.rels
2025-09-17 10:29:38,688(HH:mm:ss.SSS) [main] DEBUG org.apache.poi.openxml4j.opc.PackageRelationshipCollection - Parsing relationship: /_rels/.rels
2025-09-17 10:29:39,612(HH:mm:ss.SSS) [main] DEBUG io.github.bonigarcia.wdm.WebDriverManager - Using WebDriverManager 6.1.0
2025-09-17 10:29:40,378(HH:mm:ss.SSS) [main] DEBUG io.github.bonigarcia.wdm.cache.ResolutionCache - Removing resolution chrome=140 from cache (expired on 2025-09-17T02:57:45.000+0530)
2025-09-17 10:29:40,435(HH:mm:ss.SSS) [main] DEBUG org.apache.hc.client5.http.impl.classic.InternalHttpClient - ex-0000000001 preparing request execution
2025-09-17 10:29:40,452(HH:mm:ss.SSS) [main] DEBUG org.apache.hc.client5.http.impl.classic.ProtocolExec - ex-0000000001 target auth state: UNCHALLENGED
2025-09-17 10:29:40,454(HH:mm:ss.SSS) [main] DEBUG org.apache.hc.client5.http.impl.classic.ProtocolExec - ex-0000000001 proxy auth state: UNCHALLENGED
2025-09-17 10:29:40,454(HH:mm:ss.SSS) [main] DEBUG org.apache.hc.client5.http.impl.classic.ConnectExec - ex-0000000001 acquiring connection with route {s}->[https://raw.githubusercontent.com:443]
2025-09-17 10:29:40,454(HH:mm:ss.SSS) [main] DEBUG org.apache.hc.client5.http.impl.classic.InternalHttpClient - ex-0000000001 acquiring endpoint (3 MINUTES)
2025-09-17 10:29:40,457(HH:mm:ss.SSS) [main] DEBUG org.apache.hc.client5.http.impl.io.PoolingHttpClientConnectionManager - ex-0000000001 endpoint lease request (3 MINUTES) [route: {s}->[https://raw.githubusercontent.com:443]][total available: 0; route allocated: 0 of 5; total allocated: 0 of 25]
2025-09-17 10:29:40,466(HH:mm:ss.SSS) [main] DEBUG org.apache.hc.client5.http.impl.io.PoolingHttpClientConnectionManager - ex-0000000001 endpoint leased [route: {s}->[https://raw.githubusercontent.com:443]][total available: 0; route allocated: 1 of 5; total allocated: 1 of 25]
2025-09-17 10:29:40,481(HH:mm:ss.SSS) [main] DEBUG org.apache.hc.client5.http.impl.io.PoolingHttpClientConnectionManager - ex-0000000001 acquired ep-0000000001
2025-09-17 10:29:40,482(HH:mm:ss.SSS) [main] DEBUG org.apache.hc.client5.http.impl.classic.InternalHttpClient - ex-0000000001 acquired endpoint ep-0000000001
2025-09-17 10:29:40,483(HH:mm:ss.SSS) [main] DEBUG org.apache.hc.client5.http.impl.classic.ConnectExec - ex-0000000001 opening connection {s}->[https://raw.githubusercontent.com:443]
2025-09-17 10:29:40,484(HH:mm:ss.SSS) [main] DEBUG org.apache.hc.client5.http.impl.classic.InternalHttpClient - ep-0000000001 connecting endpoint (null)
2025-09-17 10:29:40,487(HH:mm:ss.SSS) [main] DEBUG org.apache.hc.client5.http.impl.io.PoolingHttpClientConnectionManager - ep-0000000001 connecting endpoint to https://raw.githubusercontent.com:443 (30 SECONDS)
2025-09-17 10:29:40,490(HH:mm:ss.SSS) [main] DEBUG org.apache.hc.client5.http.impl.io.DefaultHttpClientConnectionOperator - raw.githubusercontent.com resolving remote address
2025-09-17 10:29:40,534(HH:mm:ss.SSS) [main] DEBUG org.apache.hc.client5.http.impl.io.DefaultHttpClientConnectionOperator - raw.githubusercontent.com resolved to [raw.githubusercontent.com/185.199.108.133, raw.githubusercontent.com/185.199.109.133, raw.githubusercontent.com/185.199.110.133, raw.githubusercontent.com/185.199.111.133, raw.githubusercontent.com/2606:50c0:8003:0:0:0:0:154, raw.githubusercontent.com/2606:50c0:8002:0:0:0:0:154, raw.githubusercontent.com/2606:50c0:8000:0:0:0:0:154, raw.githubusercontent.com/2606:50c0:8001:0:0:0:0:154]
2025-09-17 10:29:40,534(HH:mm:ss.SSS) [main] DEBUG org.apache.hc.client5.http.impl.io.DefaultHttpClientConnectionOperator - https://raw.githubusercontent.com:443 connecting null->raw.githubusercontent.com/185.199.108.133:443 (30 SECONDS)
2025-09-17 10:29:40,617(HH:mm:ss.SSS) [main] DEBUG org.apache.hc.client5.http.impl.io.DefaultHttpClientConnectionOperator - http-outgoing-0 https://raw.githubusercontent.com:443 connected /192.168.1.4:56963->raw.githubusercontent.com/185.199.108.133:443
2025-09-17 10:29:40,617(HH:mm:ss.SSS) [main] DEBUG org.apache.hc.client5.http.impl.io.DefaultManagedHttpClientConnection - http-outgoing-0 set socket timeout to 3 MINUTES
2025-09-17 10:29:40,617(HH:mm:ss.SSS) [main] DEBUG org.apache.hc.client5.http.impl.io.DefaultHttpClientConnectionOperator - http-outgoing-0 https://raw.githubusercontent.com:443 upgrading to TLS
2025-09-17 10:29:40,694(HH:mm:ss.SSS) [main] DEBUG org.apache.hc.client5.http.ssl.AbstractClientTlsStrategy - Enabled protocols: [TLSv1.3, TLSv1.2]
2025-09-17 10:29:40,695(HH:mm:ss.SSS) [main] DEBUG org.apache.hc.client5.http.ssl.AbstractClientTlsStrategy - Enabled cipher suites: [TLS_AES_256_GCM_SHA384, TLS_AES_128_GCM_SHA256, TLS_CHACHA20_POLY1305_SHA256, TLS_ECDHE_ECDSA_WITH_AES_256_GCM_SHA384, TLS_ECDHE_ECDSA_WITH_AES_128_GCM_SHA256, TLS_ECDHE_ECDSA_WITH_CHACHA20_POLY1305_SHA256, TLS_ECDHE_RSA_WITH_AES_256_GCM_SHA384, TLS_ECDHE_RSA_WITH_CHACHA20_POLY1305_SHA256, TLS_ECDHE_RSA_WITH_AES_128_GCM_SHA256, TLS_DHE_RSA_WITH_AES_256_GCM_SHA384, TLS_DHE_RSA_WITH_CHACHA20_POLY1305_SHA256, TLS_DHE_DSS_WITH_AES_256_GCM_SHA384, TLS_DHE_RSA_WITH_AES_128_GCM_SHA256, TLS_DHE_DSS_WITH_AES_128_GCM_SHA256, TLS_ECDHE_ECDSA_WITH_AES_256_CBC_SHA384, TLS_ECDHE_RSA_WITH_AES_256_CBC_SHA384, TLS_ECDHE_ECDSA_WITH_AES_128_CBC_SHA256, TLS_ECDHE_RSA_WITH_AES_128_CBC_SHA256, TLS_DHE_RSA_WITH_AES_256_CBC_SHA256, TLS_DHE_DSS_WITH_AES_256_CBC_SHA256, TLS_DHE_RSA_WITH_AES_128_CBC_SHA256, TLS_DHE_DSS_WITH_AES_128_CBC_SHA256, TLS_ECDHE_ECDSA_WITH_AES_256_CBC_SHA, TLS_ECDHE_RSA_WITH_AES_256_CBC_SHA, TLS_ECDHE_ECDSA_WITH_AES_128_CBC_SHA, TLS_ECDHE_RSA_WITH_AES_128_CBC_SHA, TLS_DHE_RSA_WITH_AES_256_CBC_SHA, TLS_DHE_DSS_WITH_AES_256_CBC_SHA, TLS_DHE_RSA_WITH_AES_128_CBC_SHA, TLS_DHE_DSS_WITH_AES_128_CBC_SHA, TLS_RSA_WITH_AES_256_GCM_SHA384, TLS_RSA_WITH_AES_128_GCM_SHA256, TLS_RSA_WITH_AES_256_CBC_SHA256, TLS_RSA_WITH_AES_128_CBC_SHA256, TLS_RSA_WITH_AES_256_CBC_SHA, TLS_RSA_WITH_AES_128_CBC_SHA, TLS_EMPTY_RENEGOTIATION_INFO_SCSV]
2025-09-17 10:29:40,695(HH:mm:ss.SSS) [main] DEBUG org.apache.hc.client5.http.ssl.AbstractClientTlsStrategy - Starting handshake (null)
2025-09-17 10:29:41,155(HH:mm:ss.SSS) [main] DEBUG org.apache.hc.client5.http.ssl.AbstractClientTlsStrategy - Secure session established
2025-09-17 10:29:41,156(HH:mm:ss.SSS) [main] DEBUG org.apache.hc.client5.http.ssl.AbstractClientTlsStrategy -  negotiated protocol: TLSv1.3
2025-09-17 10:29:41,157(HH:mm:ss.SSS) [main] DEBUG org.apache.hc.client5.http.ssl.AbstractClientTlsStrategy -  negotiated cipher suite: TLS_AES_128_GCM_SHA256
2025-09-17 10:29:41,162(HH:mm:ss.SSS) [main] DEBUG org.apache.hc.client5.http.ssl.AbstractClientTlsStrategy -  peer principal: CN=*.github.io
2025-09-17 10:29:41,163(HH:mm:ss.SSS) [main] DEBUG org.apache.hc.client5.http.ssl.AbstractClientTlsStrategy -  peer alternative names: [*.github.io, *.github.com, *.githubusercontent.com, github.com, github.io, githubusercontent.com, www.github.com]
2025-09-17 10:29:41,167(HH:mm:ss.SSS) [main] DEBUG org.apache.hc.client5.http.ssl.AbstractClientTlsStrategy -  issuer principal: CN=Sectigo RSA Domain Validation Secure Server CA, O=Sectigo Limited, L=Salford, ST=Greater Manchester, C=GB
2025-09-17 10:29:41,168(HH:mm:ss.SSS) [main] DEBUG org.apache.hc.client5.http.impl.io.DefaultHttpClientConnectionOperator - http-outgoing-0 https://raw.githubusercontent.com:443 upgraded to TLS
2025-09-17 10:29:41,169(HH:mm:ss.SSS) [main] DEBUG org.apache.hc.client5.http.impl.io.PoolingHttpClientConnectionManager - ep-0000000001 connected http-outgoing-0
